<?xml version="1.0" encoding="UTF-8"?>
<!-- Generated by org.testng.reporters.JUnitReportReporter -->
<testsuite skipped="0" hostname="Testing-PC" name="com.hcv.seleniumTest.RegressionTest" tests="1" failures="0" timestamp="13 Dec 2017 07:14:53 GMT" time="16.622" errors="0">
  <testcase name="testsearch" time="16.622" classname="com.hcv.seleniumTest.RegressionTest"/>
</testsuite> <!-- com.hcv.seleniumTest.RegressionTest -->
