<?xml version="1.0" encoding="UTF-8"?>
<!-- Generated by org.testng.reporters.JUnitReportReporter -->
<testsuite skipped="0" hostname="Testing-PC" name="com.hcv.seleniumTest.AppTest" tests="1" failures="0" timestamp="13 Dec 2017 07:14:53 GMT" time="0.000" errors="0">
  <testcase name="testApp" time="0.000" classname="com.hcv.seleniumTest.AppTest"/>
</testsuite> <!-- com.hcv.seleniumTest.AppTest -->
